E:\CODE DATA\VISUAL STUDIO 2012\COURSE\IMAGEUNDERSTANDING\MYSIFT_TEST\MYSIFT\X64\DEBUG\SIFT.OBJ
E:\CODE DATA\VISUAL STUDIO 2012\COURSE\IMAGEUNDERSTANDING\MYSIFT_TEST\MYSIFT\X64\DEBUG\VC110.PDB
E:\CODE DATA\VISUAL STUDIO 2012\COURSE\IMAGEUNDERSTANDING\MYSIFT_TEST\X64\DEBUG\MYSIFT.ILK
E:\CODE DATA\VISUAL STUDIO 2012\COURSE\IMAGEUNDERSTANDING\MYSIFT_TEST\X64\DEBUG\MYSIFT.EXE
E:\CODE DATA\VISUAL STUDIO 2012\COURSE\IMAGEUNDERSTANDING\MYSIFT_TEST\X64\DEBUG\MYSIFT.PDB
E:\Code Data\Visual Studio 2012\Course\ImageUnderstanding\project1_sift\mysift\x64\Debug\sift.obj
E:\Code Data\Visual Studio 2012\Course\ImageUnderstanding\project1_sift\mysift\x64\Debug\cl.command.1.tlog
E:\Code Data\Visual Studio 2012\Course\ImageUnderstanding\project1_sift\mysift\x64\Debug\CL.read.1.tlog
E:\Code Data\Visual Studio 2012\Course\ImageUnderstanding\project1_sift\mysift\x64\Debug\CL.write.1.tlog
E:\Code Data\Visual Studio 2012\Course\ImageUnderstanding\project1_sift\mysift\x64\Debug\link-cvtres.read.1.tlog
E:\Code Data\Visual Studio 2012\Course\ImageUnderstanding\project1_sift\mysift\x64\Debug\link-cvtres.write.1.tlog
E:\Code Data\Visual Studio 2012\Course\ImageUnderstanding\project1_sift\mysift\x64\Debug\link-rc.read.1.tlog
E:\Code Data\Visual Studio 2012\Course\ImageUnderstanding\project1_sift\mysift\x64\Debug\link-rc.write.1.tlog
E:\Code Data\Visual Studio 2012\Course\ImageUnderstanding\project1_sift\mysift\x64\Debug\link.command.1.tlog
E:\Code Data\Visual Studio 2012\Course\ImageUnderstanding\project1_sift\mysift\x64\Debug\link.read.1.tlog
E:\Code Data\Visual Studio 2012\Course\ImageUnderstanding\project1_sift\mysift\x64\Debug\link.write.1.tlog
E:\Code Data\Visual Studio 2012\Course\ImageUnderstanding\project1_sift\mysift\x64\Debug\vc110.idb
E:\Code Data\Visual Studio 2012\Course\ImageUnderstanding\project1_sift\mysift\x64\Debug\vc110.pdb
E:\Code Data\Visual Studio 2012\Course\ImageUnderstanding\project1_sift\x64\Debug\mysift.pdb
E:\Code Data\Visual Studio 2012\Course\ImageUnderstanding\project1_sift\x64\Debug\mysift.exe
E:\Code Data\Visual Studio 2012\Course\ImageUnderstanding\project1_sift\x64\Debug\mysift.ilk
